CRITICAL - 2023-11-26 04:47:48 --> Invalid file: "header_view.php"
in SYSTEMPATH\Exceptions\FrameworkException.php on line 39.
 1 SYSTEMPATH\View\View.php(216): CodeIgniter\Exceptions\FrameworkException::forInvalidFile('header_view.php')
 2 SYSTEMPATH\Common.php(1190): CodeIgniter\View\View->render('header_view', [], true)
 3 APPPATH\Controllers\AnimeList.php(13): view('header_view', [...])
 4 SYSTEMPATH\CodeIgniter.php(942): App\Controllers\AnimeList->index()
 5 SYSTEMPATH\CodeIgniter.php(502): CodeIgniter\CodeIgniter->runController(Object(App\Controllers\AnimeList))
 6 SYSTEMPATH\CodeIgniter.php(361): CodeIgniter\CodeIgniter->handleRequest(null, Object(Config\Cache), false)
 7 FCPATH\index.php(79): CodeIgniter\CodeIgniter->run()
 8 SYSTEMPATH\Commands\Server\rewrite.php(47): require_once('C:\\xampp\\htdocs\\codeigniter4-pbkk-12\\public\\index.php')
CRITICAL - 2023-11-26 04:53:41 --> Invalid file: "header_view.php"
in SYSTEMPATH\Exceptions\FrameworkException.php on line 39.
 1 SYSTEMPATH\View\View.php(216): CodeIgniter\Exceptions\FrameworkException::forInvalidFile('header_view.php')
 2 SYSTEMPATH\Common.php(1190): CodeIgniter\View\View->render('header_view', [], true)
 3 APPPATH\Controllers\AnimeList.php(13): view('header_view', [...])
 4 SYSTEMPATH\CodeIgniter.php(942): App\Controllers\AnimeList->index()
 5 SYSTEMPATH\CodeIgniter.php(502): CodeIgniter\CodeIgniter->runController(Object(App\Controllers\AnimeList))
 6 SYSTEMPATH\CodeIgniter.php(361): CodeIgniter\CodeIgniter->handleRequest(null, Object(Config\Cache), false)
 7 FCPATH\index.php(79): CodeIgniter\CodeIgniter->run()
 8 SYSTEMPATH\Commands\Server\rewrite.php(47): require_once('C:\\xampp\\htdocs\\codeigniter4-pbkk-12\\public\\index.php')
CRITICAL - 2023-11-26 04:53:43 --> Invalid file: "header_view.php"
in SYSTEMPATH\Exceptions\FrameworkException.php on line 39.
 1 SYSTEMPATH\View\View.php(216): CodeIgniter\Exceptions\FrameworkException::forInvalidFile('header_view.php')
 2 SYSTEMPATH\Common.php(1190): CodeIgniter\View\View->render('header_view', [], true)
 3 APPPATH\Controllers\AnimeList.php(13): view('header_view', [...])
 4 SYSTEMPATH\CodeIgniter.php(942): App\Controllers\AnimeList->index()
 5 SYSTEMPATH\CodeIgniter.php(502): CodeIgniter\CodeIgniter->runController(Object(App\Controllers\AnimeList))
 6 SYSTEMPATH\CodeIgniter.php(361): CodeIgniter\CodeIgniter->handleRequest(null, Object(Config\Cache), false)
 7 FCPATH\index.php(79): CodeIgniter\CodeIgniter->run()
 8 SYSTEMPATH\Commands\Server\rewrite.php(47): require_once('C:\\xampp\\htdocs\\codeigniter4-pbkk-12\\public\\index.php')
CRITICAL - 2023-11-26 04:53:43 --> Invalid file: "header_view.php"
in SYSTEMPATH\Exceptions\FrameworkException.php on line 39.
 1 SYSTEMPATH\View\View.php(216): CodeIgniter\Exceptions\FrameworkException::forInvalidFile('header_view.php')
 2 SYSTEMPATH\Common.php(1190): CodeIgniter\View\View->render('header_view', [], true)
 3 APPPATH\Controllers\AnimeList.php(13): view('header_view', [...])
 4 SYSTEMPATH\CodeIgniter.php(942): App\Controllers\AnimeList->index()
 5 SYSTEMPATH\CodeIgniter.php(502): CodeIgniter\CodeIgniter->runController(Object(App\Controllers\AnimeList))
 6 SYSTEMPATH\CodeIgniter.php(361): CodeIgniter\CodeIgniter->handleRequest(null, Object(Config\Cache), false)
 7 FCPATH\index.php(79): CodeIgniter\CodeIgniter->run()
 8 SYSTEMPATH\Commands\Server\rewrite.php(47): require_once('C:\\xampp\\htdocs\\codeigniter4-pbkk-12\\public\\index.php')
CRITICAL - 2023-11-26 04:55:41 --> Invalid file: "header_view.php"
in SYSTEMPATH\Exceptions\FrameworkException.php on line 39.
 1 SYSTEMPATH\View\View.php(216): CodeIgniter\Exceptions\FrameworkException::forInvalidFile('header_view.php')
 2 SYSTEMPATH\Common.php(1190): CodeIgniter\View\View->render('header_view', [], true)
 3 APPPATH\Controllers\AnimeList.php(13): view('header_view', [...])
 4 SYSTEMPATH\CodeIgniter.php(942): App\Controllers\AnimeList->index()
 5 SYSTEMPATH\CodeIgniter.php(502): CodeIgniter\CodeIgniter->runController(Object(App\Controllers\AnimeList))
 6 SYSTEMPATH\CodeIgniter.php(361): CodeIgniter\CodeIgniter->handleRequest(null, Object(Config\Cache), false)
 7 FCPATH\index.php(79): CodeIgniter\CodeIgniter->run()
 8 SYSTEMPATH\Commands\Server\rewrite.php(47): require_once('C:\\xampp\\htdocs\\codeigniter4-pbkk-12\\public\\index.php')
CRITICAL - 2023-11-26 04:55:55 --> Invalid file: "header_view.php"
in SYSTEMPATH\Exceptions\FrameworkException.php on line 39.
 1 SYSTEMPATH\View\View.php(216): CodeIgniter\Exceptions\FrameworkException::forInvalidFile('header_view.php')
 2 SYSTEMPATH\Common.php(1190): CodeIgniter\View\View->render('header_view', [], true)
 3 APPPATH\Controllers\AnimeList.php(13): view('header_view', [...])
 4 SYSTEMPATH\CodeIgniter.php(942): App\Controllers\AnimeList->index()
 5 SYSTEMPATH\CodeIgniter.php(502): CodeIgniter\CodeIgniter->runController(Object(App\Controllers\AnimeList))
 6 SYSTEMPATH\CodeIgniter.php(361): CodeIgniter\CodeIgniter->handleRequest(null, Object(Config\Cache), false)
 7 FCPATH\index.php(79): CodeIgniter\CodeIgniter->run()
 8 SYSTEMPATH\Commands\Server\rewrite.php(47): require_once('C:\\xampp\\htdocs\\codeigniter4-pbkk-12\\public\\index.php')
CRITICAL - 2023-11-26 04:56:18 --> Invalid file: "header_view.php"
in SYSTEMPATH\Exceptions\FrameworkException.php on line 39.
 1 SYSTEMPATH\View\View.php(216): CodeIgniter\Exceptions\FrameworkException::forInvalidFile('header_view.php')
 2 SYSTEMPATH\Common.php(1190): CodeIgniter\View\View->render('header_view', [], true)
 3 APPPATH\Controllers\AnimeList.php(13): view('header_view', [...])
 4 SYSTEMPATH\CodeIgniter.php(942): App\Controllers\AnimeList->index()
 5 SYSTEMPATH\CodeIgniter.php(502): CodeIgniter\CodeIgniter->runController(Object(App\Controllers\AnimeList))
 6 SYSTEMPATH\CodeIgniter.php(361): CodeIgniter\CodeIgniter->handleRequest(null, Object(Config\Cache), false)
 7 FCPATH\index.php(79): CodeIgniter\CodeIgniter->run()
 8 SYSTEMPATH\Commands\Server\rewrite.php(47): require_once('C:\\xampp\\htdocs\\codeigniter4-pbkk-12\\public\\index.php')
CRITICAL - 2023-11-26 04:56:24 --> Invalid file: "header_view.php"
in SYSTEMPATH\Exceptions\FrameworkException.php on line 39.
 1 SYSTEMPATH\View\View.php(216): CodeIgniter\Exceptions\FrameworkException::forInvalidFile('header_view.php')
 2 SYSTEMPATH\Common.php(1190): CodeIgniter\View\View->render('header_view', [], true)
 3 APPPATH\Controllers\AnimeList.php(13): view('header_view', [...])
 4 SYSTEMPATH\CodeIgniter.php(942): App\Controllers\AnimeList->index()
 5 SYSTEMPATH\CodeIgniter.php(502): CodeIgniter\CodeIgniter->runController(Object(App\Controllers\AnimeList))
 6 SYSTEMPATH\CodeIgniter.php(361): CodeIgniter\CodeIgniter->handleRequest(null, Object(Config\Cache), false)
 7 FCPATH\index.php(79): CodeIgniter\CodeIgniter->run()
 8 SYSTEMPATH\Commands\Server\rewrite.php(47): require_once('C:\\xampp\\htdocs\\codeigniter4-pbkk-12\\public\\index.php')
CRITICAL - 2023-11-26 04:59:13 --> Invalid file: "header_view.php"
in SYSTEMPATH\Exceptions\FrameworkException.php on line 39.
 1 SYSTEMPATH\View\View.php(216): CodeIgniter\Exceptions\FrameworkException::forInvalidFile('header_view.php')
 2 SYSTEMPATH\Common.php(1190): CodeIgniter\View\View->render('header_view', [], true)
 3 APPPATH\Controllers\AnimeList.php(13): view('header_view', [...])
 4 SYSTEMPATH\CodeIgniter.php(942): App\Controllers\AnimeList->index()
 5 SYSTEMPATH\CodeIgniter.php(502): CodeIgniter\CodeIgniter->runController(Object(App\Controllers\AnimeList))
 6 SYSTEMPATH\CodeIgniter.php(361): CodeIgniter\CodeIgniter->handleRequest(null, Object(Config\Cache), false)
 7 FCPATH\index.php(79): CodeIgniter\CodeIgniter->run()
 8 SYSTEMPATH\Commands\Server\rewrite.php(47): require_once('C:\\xampp\\htdocs\\codeigniter4-pbkk-12\\public\\index.php')
CRITICAL - 2023-11-26 04:59:14 --> Invalid file: "header_view.php"
in SYSTEMPATH\Exceptions\FrameworkException.php on line 39.
 1 SYSTEMPATH\View\View.php(216): CodeIgniter\Exceptions\FrameworkException::forInvalidFile('header_view.php')
 2 SYSTEMPATH\Common.php(1190): CodeIgniter\View\View->render('header_view', [], true)
 3 APPPATH\Controllers\AnimeList.php(13): view('header_view', [...])
 4 SYSTEMPATH\CodeIgniter.php(942): App\Controllers\AnimeList->index()
 5 SYSTEMPATH\CodeIgniter.php(502): CodeIgniter\CodeIgniter->runController(Object(App\Controllers\AnimeList))
 6 SYSTEMPATH\CodeIgniter.php(361): CodeIgniter\CodeIgniter->handleRequest(null, Object(Config\Cache), false)
 7 FCPATH\index.php(79): CodeIgniter\CodeIgniter->run()
 8 SYSTEMPATH\Commands\Server\rewrite.php(47): require_once('C:\\xampp\\htdocs\\codeigniter4-pbkk-12\\public\\index.php')
CRITICAL - 2023-11-26 04:59:14 --> Invalid file: "header_view.php"
in SYSTEMPATH\Exceptions\FrameworkException.php on line 39.
 1 SYSTEMPATH\View\View.php(216): CodeIgniter\Exceptions\FrameworkException::forInvalidFile('header_view.php')
 2 SYSTEMPATH\Common.php(1190): CodeIgniter\View\View->render('header_view', [], true)
 3 APPPATH\Controllers\AnimeList.php(13): view('header_view', [...])
 4 SYSTEMPATH\CodeIgniter.php(942): App\Controllers\AnimeList->index()
 5 SYSTEMPATH\CodeIgniter.php(502): CodeIgniter\CodeIgniter->runController(Object(App\Controllers\AnimeList))
 6 SYSTEMPATH\CodeIgniter.php(361): CodeIgniter\CodeIgniter->handleRequest(null, Object(Config\Cache), false)
 7 FCPATH\index.php(79): CodeIgniter\CodeIgniter->run()
 8 SYSTEMPATH\Commands\Server\rewrite.php(47): require_once('C:\\xampp\\htdocs\\codeigniter4-pbkk-12\\public\\index.php')
CRITICAL - 2023-11-26 04:59:14 --> Invalid file: "header_view.php"
in SYSTEMPATH\Exceptions\FrameworkException.php on line 39.
 1 SYSTEMPATH\View\View.php(216): CodeIgniter\Exceptions\FrameworkException::forInvalidFile('header_view.php')
 2 SYSTEMPATH\Common.php(1190): CodeIgniter\View\View->render('header_view', [], true)
 3 APPPATH\Controllers\AnimeList.php(13): view('header_view', [...])
 4 SYSTEMPATH\CodeIgniter.php(942): App\Controllers\AnimeList->index()
 5 SYSTEMPATH\CodeIgniter.php(502): CodeIgniter\CodeIgniter->runController(Object(App\Controllers\AnimeList))
 6 SYSTEMPATH\CodeIgniter.php(361): CodeIgniter\CodeIgniter->handleRequest(null, Object(Config\Cache), false)
 7 FCPATH\index.php(79): CodeIgniter\CodeIgniter->run()
 8 SYSTEMPATH\Commands\Server\rewrite.php(47): require_once('C:\\xampp\\htdocs\\codeigniter4-pbkk-12\\public\\index.php')
CRITICAL - 2023-11-26 04:59:14 --> Invalid file: "header_view.php"
in SYSTEMPATH\Exceptions\FrameworkException.php on line 39.
 1 SYSTEMPATH\View\View.php(216): CodeIgniter\Exceptions\FrameworkException::forInvalidFile('header_view.php')
 2 SYSTEMPATH\Common.php(1190): CodeIgniter\View\View->render('header_view', [], true)
 3 APPPATH\Controllers\AnimeList.php(13): view('header_view', [...])
 4 SYSTEMPATH\CodeIgniter.php(942): App\Controllers\AnimeList->index()
 5 SYSTEMPATH\CodeIgniter.php(502): CodeIgniter\CodeIgniter->runController(Object(App\Controllers\AnimeList))
 6 SYSTEMPATH\CodeIgniter.php(361): CodeIgniter\CodeIgniter->handleRequest(null, Object(Config\Cache), false)
 7 FCPATH\index.php(79): CodeIgniter\CodeIgniter->run()
 8 SYSTEMPATH\Commands\Server\rewrite.php(47): require_once('C:\\xampp\\htdocs\\codeigniter4-pbkk-12\\public\\index.php')
CRITICAL - 2023-11-26 04:59:14 --> Invalid file: "header_view.php"
in SYSTEMPATH\Exceptions\FrameworkException.php on line 39.
 1 SYSTEMPATH\View\View.php(216): CodeIgniter\Exceptions\FrameworkException::forInvalidFile('header_view.php')
 2 SYSTEMPATH\Common.php(1190): CodeIgniter\View\View->render('header_view', [], true)
 3 APPPATH\Controllers\AnimeList.php(13): view('header_view', [...])
 4 SYSTEMPATH\CodeIgniter.php(942): App\Controllers\AnimeList->index()
 5 SYSTEMPATH\CodeIgniter.php(502): CodeIgniter\CodeIgniter->runController(Object(App\Controllers\AnimeList))
 6 SYSTEMPATH\CodeIgniter.php(361): CodeIgniter\CodeIgniter->handleRequest(null, Object(Config\Cache), false)
 7 FCPATH\index.php(79): CodeIgniter\CodeIgniter->run()
 8 SYSTEMPATH\Commands\Server\rewrite.php(47): require_once('C:\\xampp\\htdocs\\codeigniter4-pbkk-12\\public\\index.php')
CRITICAL - 2023-11-26 05:00:10 --> Invalid file: "header_view.php"
in SYSTEMPATH\Exceptions\FrameworkException.php on line 39.
 1 SYSTEMPATH\View\View.php(216): CodeIgniter\Exceptions\FrameworkException::forInvalidFile('header_view.php')
 2 SYSTEMPATH\Common.php(1190): CodeIgniter\View\View->render('header_view', [], true)
 3 APPPATH\Controllers\AnimeList.php(13): view('header_view', [...])
 4 SYSTEMPATH\CodeIgniter.php(942): App\Controllers\AnimeList->index()
 5 SYSTEMPATH\CodeIgniter.php(502): CodeIgniter\CodeIgniter->runController(Object(App\Controllers\AnimeList))
 6 SYSTEMPATH\CodeIgniter.php(361): CodeIgniter\CodeIgniter->handleRequest(null, Object(Config\Cache), false)
 7 FCPATH\index.php(79): CodeIgniter\CodeIgniter->run()
 8 SYSTEMPATH\Commands\Server\rewrite.php(47): require_once('C:\\xampp\\htdocs\\codeigniter4-pbkk-12\\public\\index.php')
CRITICAL - 2023-11-26 05:00:32 --> Invalid file: "templates/header_view.php"
in SYSTEMPATH\Exceptions\FrameworkException.php on line 39.
 1 SYSTEMPATH\View\View.php(216): CodeIgniter\Exceptions\FrameworkException::forInvalidFile('templates/header_view.php')
 2 SYSTEMPATH\Common.php(1190): CodeIgniter\View\View->render('templates/header_view', [], true)
 3 APPPATH\Controllers\AnimeList.php(13): view('templates/header_view', [...])
 4 SYSTEMPATH\CodeIgniter.php(942): App\Controllers\AnimeList->index()
 5 SYSTEMPATH\CodeIgniter.php(502): CodeIgniter\CodeIgniter->runController(Object(App\Controllers\AnimeList))
 6 SYSTEMPATH\CodeIgniter.php(361): CodeIgniter\CodeIgniter->handleRequest(null, Object(Config\Cache), false)
 7 FCPATH\index.php(79): CodeIgniter\CodeIgniter->run()
 8 SYSTEMPATH\Commands\Server\rewrite.php(47): require_once('C:\\xampp\\htdocs\\codeigniter4-pbkk-12\\public\\index.php')
CRITICAL - 2023-11-26 05:00:33 --> Invalid file: "templates/header_view.php"
in SYSTEMPATH\Exceptions\FrameworkException.php on line 39.
 1 SYSTEMPATH\View\View.php(216): CodeIgniter\Exceptions\FrameworkException::forInvalidFile('templates/header_view.php')
 2 SYSTEMPATH\Common.php(1190): CodeIgniter\View\View->render('templates/header_view', [], true)
 3 APPPATH\Controllers\AnimeList.php(13): view('templates/header_view', [...])
 4 SYSTEMPATH\CodeIgniter.php(942): App\Controllers\AnimeList->index()
 5 SYSTEMPATH\CodeIgniter.php(502): CodeIgniter\CodeIgniter->runController(Object(App\Controllers\AnimeList))
 6 SYSTEMPATH\CodeIgniter.php(361): CodeIgniter\CodeIgniter->handleRequest(null, Object(Config\Cache), false)
 7 FCPATH\index.php(79): CodeIgniter\CodeIgniter->run()
 8 SYSTEMPATH\Commands\Server\rewrite.php(47): require_once('C:\\xampp\\htdocs\\codeigniter4-pbkk-12\\public\\index.php')
CRITICAL - 2023-11-26 05:00:50 --> Undefined array key "name"
in APPPATH\Views\animelist_view.php on line 26.
 1 APPPATH\Views\animelist_view.php(26): CodeIgniter\Debug\Exceptions->errorHandler(2, 'Undefined array key "name"', 'C:\\xampp\\htdocs\\codeigniter4-pbkk-12\\app\\Views\\animelist_view.php', 26)
 2 SYSTEMPATH\View\View.php(228): include('C:\\xampp\\htdocs\\codeigniter4-pbkk-12\\app\\Views\\animelist_view.php')
 3 SYSTEMPATH\View\View.php(231): CodeIgniter\View\View->CodeIgniter\View\{closure}()
 4 SYSTEMPATH\Common.php(1190): CodeIgniter\View\View->render('animelist_view', [], true)
 5 APPPATH\Controllers\AnimeList.php(14): view('animelist_view', [...])
 6 SYSTEMPATH\CodeIgniter.php(942): App\Controllers\AnimeList->index()
 7 SYSTEMPATH\CodeIgniter.php(502): CodeIgniter\CodeIgniter->runController(Object(App\Controllers\AnimeList))
 8 SYSTEMPATH\CodeIgniter.php(361): CodeIgniter\CodeIgniter->handleRequest(null, Object(Config\Cache), false)
 9 FCPATH\index.php(79): CodeIgniter\CodeIgniter->run()
10 SYSTEMPATH\Commands\Server\rewrite.php(47): require_once('C:\\xampp\\htdocs\\codeigniter4-pbkk-12\\public\\index.php')
CRITICAL - 2023-11-26 05:00:51 --> Undefined array key "name"
in APPPATH\Views\animelist_view.php on line 26.
 1 APPPATH\Views\animelist_view.php(26): CodeIgniter\Debug\Exceptions->errorHandler(2, 'Undefined array key "name"', 'C:\\xampp\\htdocs\\codeigniter4-pbkk-12\\app\\Views\\animelist_view.php', 26)
 2 SYSTEMPATH\View\View.php(228): include('C:\\xampp\\htdocs\\codeigniter4-pbkk-12\\app\\Views\\animelist_view.php')
 3 SYSTEMPATH\View\View.php(231): CodeIgniter\View\View->CodeIgniter\View\{closure}()
 4 SYSTEMPATH\Common.php(1190): CodeIgniter\View\View->render('animelist_view', [], true)
 5 APPPATH\Controllers\AnimeList.php(14): view('animelist_view', [...])
 6 SYSTEMPATH\CodeIgniter.php(942): App\Controllers\AnimeList->index()
 7 SYSTEMPATH\CodeIgniter.php(502): CodeIgniter\CodeIgniter->runController(Object(App\Controllers\AnimeList))
 8 SYSTEMPATH\CodeIgniter.php(361): CodeIgniter\CodeIgniter->handleRequest(null, Object(Config\Cache), false)
 9 FCPATH\index.php(79): CodeIgniter\CodeIgniter->run()
10 SYSTEMPATH\Commands\Server\rewrite.php(47): require_once('C:\\xampp\\htdocs\\codeigniter4-pbkk-12\\public\\index.php')
CRITICAL - 2023-11-26 05:08:12 --> Undefined array key "name"
in APPPATH\Views\animelist_view.php on line 26.
 1 APPPATH\Views\animelist_view.php(26): CodeIgniter\Debug\Exceptions->errorHandler(2, 'Undefined array key "name"', 'C:\\xampp\\htdocs\\codeigniter4-pbkk-12\\app\\Views\\animelist_view.php', 26)
 2 SYSTEMPATH\View\View.php(228): include('C:\\xampp\\htdocs\\codeigniter4-pbkk-12\\app\\Views\\animelist_view.php')
 3 SYSTEMPATH\View\View.php(231): CodeIgniter\View\View->CodeIgniter\View\{closure}()
 4 SYSTEMPATH\Common.php(1190): CodeIgniter\View\View->render('animelist_view', [], true)
 5 APPPATH\Controllers\AnimeList.php(14): view('animelist_view', [...])
 6 SYSTEMPATH\CodeIgniter.php(942): App\Controllers\AnimeList->index()
 7 SYSTEMPATH\CodeIgniter.php(502): CodeIgniter\CodeIgniter->runController(Object(App\Controllers\AnimeList))
 8 SYSTEMPATH\CodeIgniter.php(361): CodeIgniter\CodeIgniter->handleRequest(null, Object(Config\Cache), false)
 9 FCPATH\index.php(79): CodeIgniter\CodeIgniter->run()
10 SYSTEMPATH\Commands\Server\rewrite.php(47): require_once('C:\\xampp\\htdocs\\codeigniter4-pbkk-12\\public\\index.php')
CRITICAL - 2023-11-26 05:08:13 --> Undefined array key "name"
in APPPATH\Views\animelist_view.php on line 26.
 1 APPPATH\Views\animelist_view.php(26): CodeIgniter\Debug\Exceptions->errorHandler(2, 'Undefined array key "name"', 'C:\\xampp\\htdocs\\codeigniter4-pbkk-12\\app\\Views\\animelist_view.php', 26)
 2 SYSTEMPATH\View\View.php(228): include('C:\\xampp\\htdocs\\codeigniter4-pbkk-12\\app\\Views\\animelist_view.php')
 3 SYSTEMPATH\View\View.php(231): CodeIgniter\View\View->CodeIgniter\View\{closure}()
 4 SYSTEMPATH\Common.php(1190): CodeIgniter\View\View->render('animelist_view', [], true)
 5 APPPATH\Controllers\AnimeList.php(14): view('animelist_view', [...])
 6 SYSTEMPATH\CodeIgniter.php(942): App\Controllers\AnimeList->index()
 7 SYSTEMPATH\CodeIgniter.php(502): CodeIgniter\CodeIgniter->runController(Object(App\Controllers\AnimeList))
 8 SYSTEMPATH\CodeIgniter.php(361): CodeIgniter\CodeIgniter->handleRequest(null, Object(Config\Cache), false)
 9 FCPATH\index.php(79): CodeIgniter\CodeIgniter->run()
10 SYSTEMPATH\Commands\Server\rewrite.php(47): require_once('C:\\xampp\\htdocs\\codeigniter4-pbkk-12\\public\\index.php')
CRITICAL - 2023-11-26 05:08:13 --> Undefined array key "name"
in APPPATH\Views\animelist_view.php on line 26.
 1 APPPATH\Views\animelist_view.php(26): CodeIgniter\Debug\Exceptions->errorHandler(2, 'Undefined array key "name"', 'C:\\xampp\\htdocs\\codeigniter4-pbkk-12\\app\\Views\\animelist_view.php', 26)
 2 SYSTEMPATH\View\View.php(228): include('C:\\xampp\\htdocs\\codeigniter4-pbkk-12\\app\\Views\\animelist_view.php')
 3 SYSTEMPATH\View\View.php(231): CodeIgniter\View\View->CodeIgniter\View\{closure}()
 4 SYSTEMPATH\Common.php(1190): CodeIgniter\View\View->render('animelist_view', [], true)
 5 APPPATH\Controllers\AnimeList.php(14): view('animelist_view', [...])
 6 SYSTEMPATH\CodeIgniter.php(942): App\Controllers\AnimeList->index()
 7 SYSTEMPATH\CodeIgniter.php(502): CodeIgniter\CodeIgniter->runController(Object(App\Controllers\AnimeList))
 8 SYSTEMPATH\CodeIgniter.php(361): CodeIgniter\CodeIgniter->handleRequest(null, Object(Config\Cache), false)
 9 FCPATH\index.php(79): CodeIgniter\CodeIgniter->run()
10 SYSTEMPATH\Commands\Server\rewrite.php(47): require_once('C:\\xampp\\htdocs\\codeigniter4-pbkk-12\\public\\index.php')
CRITICAL - 2023-11-26 05:17:37 --> Undefined array key "id_animelist"
in APPPATH\Views\animelist_view.php on line 33.
 1 APPPATH\Views\animelist_view.php(33): CodeIgniter\Debug\Exceptions->errorHandler(2, 'Undefined array key "id_animelist"', 'C:\\xampp\\htdocs\\codeigniter4-pbkk-12\\app\\Views\\animelist_view.php', 33)
 2 SYSTEMPATH\View\View.php(228): include('C:\\xampp\\htdocs\\codeigniter4-pbkk-12\\app\\Views\\animelist_view.php')
 3 SYSTEMPATH\View\View.php(231): CodeIgniter\View\View->CodeIgniter\View\{closure}()
 4 SYSTEMPATH\Common.php(1190): CodeIgniter\View\View->render('animelist_view', [], true)
 5 APPPATH\Controllers\AnimeList.php(14): view('animelist_view', [...])
 6 SYSTEMPATH\CodeIgniter.php(942): App\Controllers\AnimeList->index()
 7 SYSTEMPATH\CodeIgniter.php(502): CodeIgniter\CodeIgniter->runController(Object(App\Controllers\AnimeList))
 8 SYSTEMPATH\CodeIgniter.php(361): CodeIgniter\CodeIgniter->handleRequest(null, Object(Config\Cache), false)
 9 FCPATH\index.php(79): CodeIgniter\CodeIgniter->run()
10 SYSTEMPATH\Commands\Server\rewrite.php(47): require_once('C:\\xampp\\htdocs\\codeigniter4-pbkk-12\\public\\index.php')
